<?xml version="1.0" encoding="UTF-8"?>
<!-- Generated by org.testng.reporters.JUnitXMLReporter -->
<testsuite hostname="DESKTOP-UMRR3LS" name="Default test" tests="19" failures="0" timestamp="10 Oct 2020 09:53:01 GMT" time="0.263" errors="0">
  <testcase name="@BeforeClass setupClass" time="0.0" classname="NUGUAPP_003_홈.홈_08_디바이스컨트롤러상세">
    <failure type="org.testng.TestNGException" message="
Parameter &amp;apos;OS&amp;apos; is required by @Configuration on method setupClass but has not been marked @Optional or defined
in C:\Users\kei\AppData\Local\Temp\testng-eclipse-1145361850\testng-customsuite.xml">
      <![CDATA[org.testng.TestNGException: 
Parameter 'OS' is required by @Configuration on method setupClass but has not been marked @Optional or defined
in C:\Users\kei\AppData\Local\Temp\testng-eclipse-1145361850\testng-customsuite.xml
	at org.testng.internal.Parameters.createParameters(Parameters.java:154)
	at org.testng.internal.Parameters.createParameters(Parameters.java:361)
	at org.testng.internal.Parameters.createConfigurationParameters(Parameters.java:84)
	at org.testng.internal.Invoker.invokeConfigurations(Invoker.java:201)
	at org.testng.internal.Invoker.invokeConfigurations(Invoker.java:142)
	at org.testng.internal.TestMethodWorker.invokeBeforeClassMethods(TestMethodWorker.java:178)
	at org.testng.internal.TestMethodWorker.run(TestMethodWorker.java:108)
	at org.testng.TestRunner.privateRun(TestRunner.java:782)
	at org.testng.TestRunner.run(TestRunner.java:632)
	at org.testng.SuiteRunner.runTest(SuiteRunner.java:366)
	at org.testng.SuiteRunner.runSequentially(SuiteRunner.java:361)
	at org.testng.SuiteRunner.privateRun(SuiteRunner.java:319)
	at org.testng.SuiteRunner.run(SuiteRunner.java:268)
	at org.testng.SuiteRunnerWorker.runSuite(SuiteRunnerWorker.java:52)
	at org.testng.SuiteRunnerWorker.run(SuiteRunnerWorker.java:86)
	at org.testng.TestNG.runSuitesSequentially(TestNG.java:1244)
	at org.testng.TestNG.runSuitesLocally(TestNG.java:1169)
	at org.testng.TestNG.run(TestNG.java:1064)
	at org.testng.remote.AbstractRemoteTestNG.run(AbstractRemoteTestNG.java:115)
	at org.testng.remote.RemoteTestNG.initAndRun(RemoteTestNG.java:251)
	at org.testng.remote.RemoteTestNG.main(RemoteTestNG.java:77)
]]>
    </failure>
  </testcase> <!-- @BeforeClass setupClass -->
  <testcase name="@BeforeMethod BeforeMethod" time="0.0" classname="NUGUAPP_003_홈.홈_08_디바이스컨트롤러상세">
    <skipped/>
  </testcase> <!-- @BeforeMethod BeforeMethod -->
  <testcase name="@AfterMethod AfterMethod" time="0.0" classname="NUGUAPP_003_홈.홈_08_디바이스컨트롤러상세">
    <skipped/>
  </testcase> <!-- @AfterMethod AfterMethod -->
  <testcase name="@BeforeMethod BeforeMethod" time="0.0" classname="NUGUAPP_003_홈.홈_08_디바이스컨트롤러상세">
    <skipped/>
  </testcase> <!-- @BeforeMethod BeforeMethod -->
  <testcase name="@AfterMethod AfterMethod" time="0.0" classname="NUGUAPP_003_홈.홈_08_디바이스컨트롤러상세">
    <skipped/>
  </testcase> <!-- @AfterMethod AfterMethod -->
  <testcase name="@BeforeMethod BeforeMethod" time="0.0" classname="NUGUAPP_003_홈.홈_08_디바이스컨트롤러상세">
    <skipped/>
  </testcase> <!-- @BeforeMethod BeforeMethod -->
  <testcase name="@AfterMethod AfterMethod" time="0.0" classname="NUGUAPP_003_홈.홈_08_디바이스컨트롤러상세">
    <skipped/>
  </testcase> <!-- @AfterMethod AfterMethod -->
  <testcase name="@BeforeMethod BeforeMethod" time="0.0" classname="NUGUAPP_003_홈.홈_08_디바이스컨트롤러상세">
    <skipped/>
  </testcase> <!-- @BeforeMethod BeforeMethod -->
  <testcase name="@AfterMethod AfterMethod" time="0.0" classname="NUGUAPP_003_홈.홈_08_디바이스컨트롤러상세">
    <skipped/>
  </testcase> <!-- @AfterMethod AfterMethod -->
  <testcase name="@BeforeMethod BeforeMethod" time="0.0" classname="NUGUAPP_003_홈.홈_08_디바이스컨트롤러상세">
    <skipped/>
  </testcase> <!-- @BeforeMethod BeforeMethod -->
  <testcase name="@AfterMethod AfterMethod" time="0.0" classname="NUGUAPP_003_홈.홈_08_디바이스컨트롤러상세">
    <skipped/>
  </testcase> <!-- @AfterMethod AfterMethod -->
  <testcase name="@BeforeMethod BeforeMethod" time="0.0" classname="NUGUAPP_003_홈.홈_08_디바이스컨트롤러상세">
    <skipped/>
  </testcase> <!-- @BeforeMethod BeforeMethod -->
  <testcase name="@AfterMethod AfterMethod" time="0.0" classname="NUGUAPP_003_홈.홈_08_디바이스컨트롤러상세">
    <skipped/>
  </testcase> <!-- @AfterMethod AfterMethod -->
  <testcase name="@BeforeMethod BeforeMethod" time="0.0" classname="NUGUAPP_003_홈.홈_08_디바이스컨트롤러상세">
    <skipped/>
  </testcase> <!-- @BeforeMethod BeforeMethod -->
  <testcase name="@AfterMethod AfterMethod" time="0.0" classname="NUGUAPP_003_홈.홈_08_디바이스컨트롤러상세">
    <skipped/>
  </testcase> <!-- @AfterMethod AfterMethod -->
  <testcase name="@BeforeMethod BeforeMethod" time="0.0" classname="NUGUAPP_003_홈.홈_08_디바이스컨트롤러상세">
    <skipped/>
  </testcase> <!-- @BeforeMethod BeforeMethod -->
  <testcase name="@AfterMethod AfterMethod" time="0.0" classname="NUGUAPP_003_홈.홈_08_디바이스컨트롤러상세">
    <skipped/>
  </testcase> <!-- @AfterMethod AfterMethod -->
  <testcase name="@BeforeMethod BeforeMethod" time="0.0" classname="NUGUAPP_003_홈.홈_08_디바이스컨트롤러상세">
    <skipped/>
  </testcase> <!-- @BeforeMethod BeforeMethod -->
  <testcase name="@AfterMethod AfterMethod" time="0.0" classname="NUGUAPP_003_홈.홈_08_디바이스컨트롤러상세">
    <skipped/>
  </testcase> <!-- @AfterMethod AfterMethod -->
  <testcase name="@BeforeMethod BeforeMethod" time="0.0" classname="NUGUAPP_003_홈.홈_08_디바이스컨트롤러상세">
    <skipped/>
  </testcase> <!-- @BeforeMethod BeforeMethod -->
  <testcase name="@AfterMethod AfterMethod" time="0.0" classname="NUGUAPP_003_홈.홈_08_디바이스컨트롤러상세">
    <skipped/>
  </testcase> <!-- @AfterMethod AfterMethod -->
  <testcase name="@BeforeMethod BeforeMethod" time="0.0" classname="NUGUAPP_003_홈.홈_08_디바이스컨트롤러상세">
    <skipped/>
  </testcase> <!-- @BeforeMethod BeforeMethod -->
  <testcase name="@AfterMethod AfterMethod" time="0.0" classname="NUGUAPP_003_홈.홈_08_디바이스컨트롤러상세">
    <skipped/>
  </testcase> <!-- @AfterMethod AfterMethod -->
  <testcase name="@BeforeMethod BeforeMethod" time="0.0" classname="NUGUAPP_003_홈.홈_08_디바이스컨트롤러상세">
    <skipped/>
  </testcase> <!-- @BeforeMethod BeforeMethod -->
  <testcase name="@AfterMethod AfterMethod" time="0.0" classname="NUGUAPP_003_홈.홈_08_디바이스컨트롤러상세">
    <skipped/>
  </testcase> <!-- @AfterMethod AfterMethod -->
  <testcase name="@BeforeMethod BeforeMethod" time="0.0" classname="NUGUAPP_003_홈.홈_08_디바이스컨트롤러상세">
    <skipped/>
  </testcase> <!-- @BeforeMethod BeforeMethod -->
  <testcase name="@AfterMethod AfterMethod" time="0.0" classname="NUGUAPP_003_홈.홈_08_디바이스컨트롤러상세">
    <skipped/>
  </testcase> <!-- @AfterMethod AfterMethod -->
  <testcase name="@BeforeMethod BeforeMethod" time="0.0" classname="NUGUAPP_003_홈.홈_08_디바이스컨트롤러상세">
    <skipped/>
  </testcase> <!-- @BeforeMethod BeforeMethod -->
  <testcase name="@AfterMethod AfterMethod" time="0.0" classname="NUGUAPP_003_홈.홈_08_디바이스컨트롤러상세">
    <skipped/>
  </testcase> <!-- @AfterMethod AfterMethod -->
  <testcase name="@BeforeMethod BeforeMethod" time="0.0" classname="NUGUAPP_003_홈.홈_08_디바이스컨트롤러상세">
    <skipped/>
  </testcase> <!-- @BeforeMethod BeforeMethod -->
  <testcase name="@AfterMethod AfterMethod" time="0.0" classname="NUGUAPP_003_홈.홈_08_디바이스컨트롤러상세">
    <skipped/>
  </testcase> <!-- @AfterMethod AfterMethod -->
  <testcase name="@BeforeMethod BeforeMethod" time="0.0" classname="NUGUAPP_003_홈.홈_08_디바이스컨트롤러상세">
    <skipped/>
  </testcase> <!-- @BeforeMethod BeforeMethod -->
  <testcase name="@AfterMethod AfterMethod" time="0.0" classname="NUGUAPP_003_홈.홈_08_디바이스컨트롤러상세">
    <skipped/>
  </testcase> <!-- @AfterMethod AfterMethod -->
  <testcase name="@BeforeMethod BeforeMethod" time="0.0" classname="NUGUAPP_003_홈.홈_08_디바이스컨트롤러상세">
    <skipped/>
  </testcase> <!-- @BeforeMethod BeforeMethod -->
  <testcase name="@AfterMethod AfterMethod" time="0.0" classname="NUGUAPP_003_홈.홈_08_디바이스컨트롤러상세">
    <skipped/>
  </testcase> <!-- @AfterMethod AfterMethod -->
  <testcase name="@BeforeMethod BeforeMethod" time="0.0" classname="NUGUAPP_003_홈.홈_08_디바이스컨트롤러상세">
    <skipped/>
  </testcase> <!-- @BeforeMethod BeforeMethod -->
  <testcase name="@AfterMethod AfterMethod" time="0.0" classname="NUGUAPP_003_홈.홈_08_디바이스컨트롤러상세">
    <skipped/>
  </testcase> <!-- @AfterMethod AfterMethod -->
  <testcase name="@BeforeMethod BeforeMethod" time="0.0" classname="NUGUAPP_003_홈.홈_08_디바이스컨트롤러상세">
    <skipped/>
  </testcase> <!-- @BeforeMethod BeforeMethod -->
  <testcase name="@AfterMethod AfterMethod" time="0.0" classname="NUGUAPP_003_홈.홈_08_디바이스컨트롤러상세">
    <skipped/>
  </testcase> <!-- @AfterMethod AfterMethod -->
  <testcase name="@AfterClass tearDownClass" time="0.0" classname="NUGUAPP_003_홈.홈_08_디바이스컨트롤러상세">
    <skipped/>
  </testcase> <!-- @AfterClass tearDownClass -->
  <testcase name="TC_홈_080" time="0.012" classname="NUGUAPP_003_홈.홈_08_디바이스컨트롤러상세">
    <skipped/>
  </testcase> <!-- TC_홈_080 -->
  <testcase name="TC_홈_081" time="0.009" classname="NUGUAPP_003_홈.홈_08_디바이스컨트롤러상세">
    <skipped/>
  </testcase> <!-- TC_홈_081 -->
  <testcase name="TC_홈_083" time="0.001" classname="NUGUAPP_003_홈.홈_08_디바이스컨트롤러상세">
    <skipped/>
  </testcase> <!-- TC_홈_083 -->
  <testcase name="TC_홈_085" time="0.001" classname="NUGUAPP_003_홈.홈_08_디바이스컨트롤러상세">
    <skipped/>
  </testcase> <!-- TC_홈_085 -->
  <testcase name="TC_홈_087" time="0.001" classname="NUGUAPP_003_홈.홈_08_디바이스컨트롤러상세">
    <skipped/>
  </testcase> <!-- TC_홈_087 -->
  <testcase name="TC_홈_088" time="0.003" classname="NUGUAPP_003_홈.홈_08_디바이스컨트롤러상세">
    <skipped/>
  </testcase> <!-- TC_홈_088 -->
  <testcase name="TC_홈_090" time="0.0" classname="NUGUAPP_003_홈.홈_08_디바이스컨트롤러상세">
    <skipped/>
  </testcase> <!-- TC_홈_090 -->
  <testcase name="TC_홈_091" time="0.001" classname="NUGUAPP_003_홈.홈_08_디바이스컨트롤러상세">
    <skipped/>
  </testcase> <!-- TC_홈_091 -->
  <testcase name="TC_홈_092" time="0.001" classname="NUGUAPP_003_홈.홈_08_디바이스컨트롤러상세">
    <skipped/>
  </testcase> <!-- TC_홈_092 -->
  <testcase name="TC_홈_093" time="0.0" classname="NUGUAPP_003_홈.홈_08_디바이스컨트롤러상세">
    <skipped/>
  </testcase> <!-- TC_홈_093 -->
  <testcase name="TC_홈_096" time="0.002" classname="NUGUAPP_003_홈.홈_08_디바이스컨트롤러상세">
    <skipped/>
  </testcase> <!-- TC_홈_096 -->
  <testcase name="TC_홈_097" time="0.001" classname="NUGUAPP_003_홈.홈_08_디바이스컨트롤러상세">
    <skipped/>
  </testcase> <!-- TC_홈_097 -->
  <testcase name="TC_홈_098" time="0.002" classname="NUGUAPP_003_홈.홈_08_디바이스컨트롤러상세">
    <skipped/>
  </testcase> <!-- TC_홈_098 -->
  <testcase name="TC_홈_099" time="0.0" classname="NUGUAPP_003_홈.홈_08_디바이스컨트롤러상세">
    <skipped/>
  </testcase> <!-- TC_홈_099 -->
  <testcase name="TC_홈_100" time="0.0" classname="NUGUAPP_003_홈.홈_08_디바이스컨트롤러상세">
    <skipped/>
  </testcase> <!-- TC_홈_100 -->
  <testcase name="TC_홈_101" time="0.002" classname="NUGUAPP_003_홈.홈_08_디바이스컨트롤러상세">
    <skipped/>
  </testcase> <!-- TC_홈_101 -->
  <testcase name="TC_홈_102" time="0.0" classname="NUGUAPP_003_홈.홈_08_디바이스컨트롤러상세">
    <skipped/>
  </testcase> <!-- TC_홈_102 -->
  <testcase name="TC_홈_103" time="0.001" classname="NUGUAPP_003_홈.홈_08_디바이스컨트롤러상세">
    <skipped/>
  </testcase> <!-- TC_홈_103 -->
  <testcase name="TC_홈_104" time="0.0" classname="NUGUAPP_003_홈.홈_08_디바이스컨트롤러상세">
    <skipped/>
  </testcase> <!-- TC_홈_104 -->
</testsuite> <!-- Default test -->
