<?xml version="1.0" encoding="UTF-8"?>
<!-- Generated by org.testng.reporters.JUnitXMLReporter -->
<testsuite hostname="DESKTOP-UMRR3LS" name="Test_Project" tests="1" failures="0" timestamp="2 Jul 2020 10:07:14 GMT" time="19.57" errors="0">
  <testcase name="@BeforeClass setupClass" time="0.0" classname="NUGUAPP_003_홈.홈_04_최근인기대화">
    <failure type="org.openqa.selenium.WebDriverException" message="Connection refused: connect
Build info: version: &amp;apos;3.14.0&amp;apos;, revision: &amp;apos;aacccce0&amp;apos;, time: &amp;apos;2018-08-02T20:19:58.91Z&amp;apos;
System info: host: &amp;apos;DESKTOP-UMRR3LS&amp;apos;, ip: &amp;apos;172.27.24.217&amp;apos;, os.name: &amp;apos;Windows 10&amp;apos;, os.arch: &amp;apos;amd64&amp;apos;, os.version: &amp;apos;10.0&amp;apos;, java.version: &amp;apos;1.8.0_251&amp;apos;
Driver info: driver.version: AndroidDriver">
      <![CDATA[org.openqa.selenium.WebDriverException: Connection refused: connect
Build info: version: '3.14.0', revision: 'aacccce0', time: '2018-08-02T20:19:58.91Z'
System info: host: 'DESKTOP-UMRR3LS', ip: '172.27.24.217', os.name: 'Windows 10', os.arch: 'amd64', os.version: '10.0', java.version: '1.8.0_251'
Driver info: driver.version: AndroidDriver
	at io.appium.java_client.remote.AppiumCommandExecutor.lambda$5(AppiumCommandExecutor.java:251)
	at java.util.Optional.orElseGet(Unknown Source)
	at io.appium.java_client.remote.AppiumCommandExecutor.execute(AppiumCommandExecutor.java:250)
	at org.openqa.selenium.remote.RemoteWebDriver.execute(RemoteWebDriver.java:548)
	at io.appium.java_client.DefaultGenericMobileDriver.execute(DefaultGenericMobileDriver.java:41)
	at io.appium.java_client.AppiumDriver.execute(AppiumDriver.java:1)
	at io.appium.java_client.android.AndroidDriver.execute(AndroidDriver.java:1)
	at unit.Utilities.execute(Utilities.java:1)
	at org.openqa.selenium.remote.RemoteWebDriver.startSession(RemoteWebDriver.java:212)
	at io.appium.java_client.AppiumDriver.startSession(AppiumDriver.java:336)
	at org.openqa.selenium.remote.RemoteWebDriver.<init>(RemoteWebDriver.java:130)
	at io.appium.java_client.DefaultGenericMobileDriver.<init>(DefaultGenericMobileDriver.java:37)
	at io.appium.java_client.AppiumDriver.<init>(AppiumDriver.java:88)
	at io.appium.java_client.AppiumDriver.<init>(AppiumDriver.java:98)
	at io.appium.java_client.android.AndroidDriver.<init>(AndroidDriver.java:94)
	at unit.Utilities.<init>(Utilities.java:128)
	at unit.TestCase.setupClass(TestCase.java:98)
	at java.util.concurrent.FutureTask.run(Unknown Source)
	at java.util.concurrent.ThreadPoolExecutor.runWorker(Unknown Source)
	at java.util.concurrent.ThreadPoolExecutor$Worker.run(Unknown Source)
	at java.lang.Thread.run(Unknown Source)
Caused by: java.net.ConnectException: Connection refused: connect
	at java.net.DualStackPlainSocketImpl.waitForConnect(Native Method)
	at java.net.DualStackPlainSocketImpl.socketConnect(Unknown Source)
	at java.net.AbstractPlainSocketImpl.doConnect(Unknown Source)
	at java.net.AbstractPlainSocketImpl.connectToAddress(Unknown Source)
	at java.net.AbstractPlainSocketImpl.connect(Unknown Source)
	at java.net.PlainSocketImpl.connect(Unknown Source)
	at java.net.SocksSocketImpl.connect(Unknown Source)
	at java.net.Socket.connect(Unknown Source)
	at okhttp3.internal.platform.Platform.connectSocket(Platform.kt:127)
	at okhttp3.internal.connection.RealConnection.connectSocket(RealConnection.kt:268)
	at okhttp3.internal.connection.RealConnection.connect(RealConnection.kt:176)
	at okhttp3.internal.connection.ExchangeFinder.findConnection(ExchangeFinder.kt:236)
	at okhttp3.internal.connection.ExchangeFinder.findHealthyConnection(ExchangeFinder.kt:109)
	at okhttp3.internal.connection.ExchangeFinder.find(ExchangeFinder.kt:77)
	at okhttp3.internal.connection.Transmitter.newExchange$okhttp(Transmitter.kt:162)
	at okhttp3.internal.connection.ConnectInterceptor.intercept(ConnectInterceptor.kt:35)
	at okhttp3.internal.http.RealInterceptorChain.proceed(RealInterceptorChain.kt:112)
	at okhttp3.internal.http.RealInterceptorChain.proceed(RealInterceptorChain.kt:87)
	at okhttp3.internal.cache.CacheInterceptor.intercept(CacheInterceptor.kt:82)
	at okhttp3.internal.http.RealInterceptorChain.proceed(RealInterceptorChain.kt:112)
	at okhttp3.internal.http.RealInterceptorChain.proceed(RealInterceptorChain.kt:87)
	at okhttp3.internal.http.BridgeInterceptor.intercept(BridgeInterceptor.kt:84)
	at okhttp3.internal.http.RealInterceptorChain.proceed(RealInterceptorChain.kt:112)
	at okhttp3.internal.http.RetryAndFollowUpInterceptor.intercept(RetryAndFollowUpInterceptor.kt:71)
	at okhttp3.internal.http.RealInterceptorChain.proceed(RealInterceptorChain.kt:112)
	at okhttp3.internal.http.RealInterceptorChain.proceed(RealInterceptorChain.kt:87)
	at okhttp3.RealCall.getResponseWithInterceptorChain(RealCall.kt:184)
	at okhttp3.RealCall.execute(RealCall.kt:66)
	at org.openqa.selenium.remote.internal.OkHttpClient.execute(OkHttpClient.java:105)
	at org.openqa.selenium.remote.ProtocolHandshake.createSession(ProtocolHandshake.java:101)
	at io.appium.java_client.remote.AppiumCommandExecutor$1.createSession(AppiumCommandExecutor.java:186)
	at io.appium.java_client.remote.AppiumCommandExecutor.createSession(AppiumCommandExecutor.java:217)
	at io.appium.java_client.remote.AppiumCommandExecutor.execute(AppiumCommandExecutor.java:239)
	... 34 more
... Removed 20 stack frames]]>
    </failure>
  </testcase> <!-- @BeforeClass setupClass -->
  <testcase name="@BeforeMethod BeforeMethod" time="0.0" classname="NUGUAPP_003_홈.홈_04_최근인기대화">
    <skipped/>
  </testcase> <!-- @BeforeMethod BeforeMethod -->
  <testcase name="@AfterMethod AfterMethod" time="0.0" classname="NUGUAPP_003_홈.홈_04_최근인기대화">
    <skipped/>
  </testcase> <!-- @AfterMethod AfterMethod -->
  <testcase name="@AfterClass tearDownClass" time="0.0" classname="NUGUAPP_003_홈.홈_04_최근인기대화">
    <skipped/>
  </testcase> <!-- @AfterClass tearDownClass -->
  <testcase name="TC_홈_038_01" time="0.001" classname="NUGUAPP_003_홈.홈_04_최근인기대화">
    <skipped/>
  </testcase> <!-- TC_홈_038_01 -->
</testsuite> <!-- Test_Project -->
