<?xml version="1.0" encoding="UTF-8"?>
<!-- Generated by org.testng.reporters.JUnitXMLReporter -->
<testsuite hostname="DESKTOP-UMRR3LS" name="Test_Project" tests="12" failures="0" timestamp="9 Jun 2020 01:43:52 GMT" time="341.162" errors="0">
  <testcase name="TC_004_앱실행" time="14.363" classname="NUGUAPP_001_실행.실행_01_앱시작"/>
  <testcase name="TC_005_앱실행" time="1.495" classname="NUGUAPP_001_실행.실행_01_앱시작"/>
  <testcase name="TC_007_앱실행" time="25.238" classname="NUGUAPP_001_실행.실행_01_앱시작"/>
  <testcase name="TC_008_앱실행" time="2.016" classname="NUGUAPP_001_실행.실행_01_앱시작"/>
  <testcase name="TC_010_앱실행" time="22.009" classname="NUGUAPP_001_실행.실행_01_앱시작"/>
  <testcase name="TC_011_앱실행" time="22.006" classname="NUGUAPP_001_실행.실행_01_앱시작"/>
  <testcase name="TC_012_from_013_앱실행" time="45.924" classname="NUGUAPP_001_실행.실행_01_앱시작"/>
  <testcase name="TC_014_from_015_앱실행" time="38.232" classname="NUGUAPP_001_실행.실행_01_앱시작"/>
  <testcase name="TC_016_앱실행" time="52.191" classname="NUGUAPP_001_실행.실행_01_앱시작"/>
  <testcase name="TC_017_from_018_앱실행" time="42.008" classname="NUGUAPP_001_실행.실행_01_앱시작"/>
  <testcase name="TC_20_앱실행" time="20.509" classname="NUGUAPP_001_실행.실행_01_앱시작"/>
  <testcase name="TC_21_앱실행" time="13.278" classname="NUGUAPP_001_실행.실행_01_앱시작"/>
</testsuite> <!-- Test_Project -->
